# JRE version: OpenJDK Runtime Environment (8.0_212-b04) (build 1.8.0_212-release-1586-b04)
# Java VM: OpenJDK 64-Bit Server VM (25.212-b04 mixed mode windows-amd64 compressed oops)
Heap:
 PSYoungGen      total 278016K, used 272199K [0x00000000e0000000, 0x00000000f8400000, 0x0000000100000000)
  eden space 254976K, 99% used [0x00000000e0000000,0x00000000ef8f0548,0x00000000ef900000)
  from space 23040K, 76% used [0x00000000f2100000,0x00000000f3224ee0,0x00000000f3780000)
  to   space 40960K, 0% used [0x00000000ef900000,0x00000000ef900000,0x00000000f2100000)
 ParOldGen       total 102400K, used 102060K [0x00000000a0000000, 0x00000000a6400000, 0x00000000e0000000)
  object space 102400K, 99% used [0x00000000a0000000,0x00000000a63ab310,0x00000000a6400000)
 Metaspace       used 72462K, capacity 76019K, committed 76120K, reserved 1114112K
  class space    used 9894K, capacity 10818K, committed 10880K, reserved 1048576K
GC Heap History (10 events):
Event: 70.236 GC heap before
{Heap before GC invocations=16 (full 3):
 PSYoungGen      total 193024K, used 16300K [0x00000000e0000000, 0x00000000f0600000, 0x0000000100000000)
  eden space 176640K, 0% used [0x00000000e0000000,0x00000000e0000000,0x00000000eac80000)
  from space 16384K, 99% used [0x00000000eac80000,0x00000000ebc6b168,0x00000000ebc80000)
  to   space 18944K, 0% used [0x00000000ef380000,0x00000000ef380000,0x00000000f0600000)
 ParOldGen       total 52224K, used 36749K [0x00000000a0000000, 0x00000000a3300000, 0x00000000e0000000)
  object space 52224K, 70% used [0x00000000a0000000,0x00000000a23e3560,0x00000000a3300000)
 Metaspace       used 56586K, capacity 59005K, committed 59028K, reserved 1099776K
  class space    used 7672K, capacity 8425K, committed 8448K, reserved 1048576K
Event: 72.132 GC heap after
Heap after GC invocations=16 (full 3):
 PSYoungGen      total 193024K, used 0K [0x00000000e0000000, 0x00000000f0600000, 0x0000000100000000)
  eden space 176640K, 0% used [0x00000000e0000000,0x00000000e0000000,0x00000000eac80000)
  from space 16384K, 0% used [0x00000000eac80000,0x00000000eac80000,0x00000000ebc80000)
  to   space 18944K, 0% used [0x00000000ef380000,0x00000000ef380000,0x00000000f0600000)
 ParOldGen       total 97280K, used 46888K [0x00000000a0000000, 0x00000000a5f00000, 0x00000000e0000000)
  object space 97280K, 48% used [0x00000000a0000000,0x00000000a2dca350,0x00000000a5f00000)
 Metaspace       used 56586K, capacity 59005K, committed 59028K, reserved 1099776K
  class space    used 7672K, capacity 8425K, committed 8448K, reserved 1048576K
}
Event: 92.054 GC heap before
{Heap before GC invocations=17 (full 3):
 PSYoungGen      total 193024K, used 176640K [0x00000000e0000000, 0x00000000f0600000, 0x0000000100000000)
  eden space 176640K, 100% used [0x00000000e0000000,0x00000000eac80000,0x00000000eac80000)
  from space 16384K, 0% used [0x00000000eac80000,0x00000000eac80000,0x00000000ebc80000)
  to   space 18944K, 0% used [0x00000000ef380000,0x00000000ef380000,0x00000000f0600000)
 ParOldGen       total 97280K, used 46888K [0x00000000a0000000, 0x00000000a5f00000, 0x00000000e0000000)
  object space 97280K, 48% used [0x00000000a0000000,0x00000000a2dca350,0x00000000a5f00000)
 Metaspace       used 62709K, capacity 65549K, committed 65752K, reserved 1105920K
  class space    used 8570K, capacity 9371K, committed 9472K, reserved 1048576K
Event: 92.271 GC heap after
Heap after GC invocations=17 (full 3):
 PSYoungGen      total 237568K, used 18915K [0x00000000e0000000, 0x00000000f0600000, 0x0000000100000000)
  eden space 218624K, 0% used [0x00000000e0000000,0x00000000e0000000,0x00000000ed580000)
  from space 18944K, 99% used [0x00000000ef380000,0x00000000f05f8f20,0x00000000f0600000)
  to   space 22528K, 0% used [0x00000000eda00000,0x00000000eda00000,0x00000000ef000000)
 ParOldGen       total 97280K, used 48386K [0x00000000a0000000, 0x00000000a5f00000, 0x00000000e0000000)
  object space 97280K, 49% used [0x00000000a0000000,0x00000000a2f40960,0x00000000a5f00000)
 Metaspace       used 62709K, capacity 65549K, committed 65752K, reserved 1105920K
  class space    used 8570K, capacity 9371K, committed 9472K, reserved 1048576K
}
Event: 163.167 GC heap before
{Heap before GC invocations=18 (full 3):
 PSYoungGen      total 237568K, used 237539K [0x00000000e0000000, 0x00000000f0600000, 0x0000000100000000)
  eden space 218624K, 100% used [0x00000000e0000000,0x00000000ed580000,0x00000000ed580000)
  from space 18944K, 99% used [0x00000000ef380000,0x00000000f05f8f20,0x00000000f0600000)
  to   space 22528K, 0% used [0x00000000eda00000,0x00000000eda00000,0x00000000ef000000)
 ParOldGen       total 97280K, used 48386K [0x00000000a0000000, 0x00000000a5f00000, 0x00000000e0000000)
  object space 97280K, 49% used [0x00000000a0000000,0x00000000a2f40960,0x00000000a5f00000)
 Metaspace       used 66099K, capacity 69305K, committed 69464K, reserved 1110016K
  class space    used 8967K, capacity 9795K, committed 9856K, reserved 1048576K
Event: 165.019 GC heap after
Heap after GC invocations=18 (full 3):
 PSYoungGen      total 245760K, used 14862K [0x00000000e0000000, 0x00000000f3780000, 0x0000000100000000)
  eden space 223232K, 0% used [0x00000000e0000000,0x00000000e0000000,0x00000000eda00000)
  from space 22528K, 65% used [0x00000000eda00000,0x00000000ee883a20,0x00000000ef000000)
  to   space 23040K, 0% used [0x00000000f2100000,0x00000000f2100000,0x00000000f3780000)
 ParOldGen       total 97280K, used 63719K [0x00000000a0000000, 0x00000000a5f00000, 0x00000000e0000000)
  object space 97280K, 65% used [0x00000000a0000000,0x00000000a3e39c30,0x00000000a5f00000)
 Metaspace       used 66099K, capacity 69305K, committed 69464K, reserved 1110016K
  class space    used 8967K, capacity 9795K, committed 9856K, reserved 1048576K
}
Event: 174.233 GC heap before
{Heap before GC invocations=19 (full 3):
 PSYoungGen      total 245760K, used 238094K [0x00000000e0000000, 0x00000000f3780000, 0x0000000100000000)
  eden space 223232K, 100% used [0x00000000e0000000,0x00000000eda00000,0x00000000eda00000)
  from space 22528K, 65% used [0x00000000eda00000,0x00000000ee883a20,0x00000000ef000000)
  to   space 23040K, 0% used [0x00000000f2100000,0x00000000f2100000,0x00000000f3780000)
 ParOldGen       total 97280K, used 63719K [0x00000000a0000000, 0x00000000a5f00000, 0x00000000e0000000)
  object space 97280K, 65% used [0x00000000a0000000,0x00000000a3e39c30,0x00000000a5f00000)
 Metaspace       used 68608K, capacity 72007K, committed 72152K, reserved 1112064K
  class space    used 9313K, capacity 10198K, committed 10240K, reserved 1048576K
Event: 176.570 GC heap after
Heap after GC invocations=19 (full 3):
 PSYoungGen      total 278016K, used 23017K [0x00000000e0000000, 0x00000000f8400000, 0x0000000100000000)
  eden space 254976K, 0% used [0x00000000e0000000,0x00000000e0000000,0x00000000ef900000)
  from space 23040K, 99% used [0x00000000f2100000,0x00000000f377a530,0x00000000f3780000)
  to   space 40960K, 0% used [0x00000000ef900000,0x00000000ef900000,0x00000000f2100000)
 ParOldGen       total 102400K, used 102352K [0x00000000a0000000, 0x00000000a6400000, 0x00000000e0000000)
  object space 102400K, 99% used [0x00000000a0000000,0x00000000a63f4118,0x00000000a6400000)
 Metaspace       used 68608K, capacity 72007K, committed 72152K, reserved 1112064K
  class space    used 9313K, capacity 10198K, committed 10240K, reserved 1048576K
}
Event: 176.571 GC heap before
{Heap before GC invocations=20 (full 4):
 PSYoungGen      total 278016K, used 23017K [0x00000000e0000000, 0x00000000f8400000, 0x0000000100000000)
  eden space 254976K, 0% used [0x00000000e0000000,0x00000000e0000000,0x00000000ef900000)
  from space 23040K, 99% used [0x00000000f2100000,0x00000000f377a530,0x00000000f3780000)
  to   space 40960K, 0% used [0x00000000ef900000,0x00000000ef900000,0x00000000f2100000)
 ParOldGen       total 102400K, used 102352K [0x00000000a0000000, 0x00000000a6400000, 0x00000000e0000000)
  object space 102400K, 99% used [0x00000000a0000000,0x00000000a63f4118,0x00000000a6400000)
 Metaspace       used 68608K, capacity 72007K, committed 72152K, reserved 1112064K
  class space    used 9313K, capacity 10198K, committed 10240K, reserved 1048576K
Event: 184.286 GC heap after
Heap after GC invocations=20 (full 4):
 PSYoungGen      total 278016K, used 17555K [0x00000000e0000000, 0x00000000f8400000, 0x0000000100000000)
  eden space 254976K, 0% used [0x00000000e0000000,0x00000000e0000000,0x00000000ef900000)
  from space 23040K, 76% used [0x00000000f2100000,0x00000000f3224ee0,0x00000000f3780000)
  to   space 40960K, 0% used [0x00000000ef900000,0x00000000ef900000,0x00000000f2100000)
 ParOldGen       total 102400K, used 102060K [0x00000000a0000000, 0x00000000a6400000, 0x00000000e0000000)
  object space 102400K, 99% used [0x00000000a0000000,0x00000000a63ab310,0x00000000a6400000)
 Metaspace       used 68555K, capacity 71853K, committed 72152K, reserved 1112064K
  class space    used 9296K, capacity 10169K, committed 10240K, reserved 1048576K
}

